<?xml version="1.0" encoding="UTF-8"?>
<testng-results ignored="0" total="1" passed="1" failed="0" skipped="0">
  <reporter-output>
  </reporter-output>
  <suite started-at="2025-06-08T01:17:26 IST" name="Default suite" finished-at="2025-06-08T01:17:27 IST" duration-ms="786">
    <groups>
    </groups>
    <test started-at="2025-06-08T01:17:26 IST" name="Default test" finished-at="2025-06-08T01:17:27 IST" duration-ms="786">
      <class name="advanceDynamicPayload.StaticJSON">
        <test-method signature="staticJSONTest()[pri:0, instance:advanceDynamicPayload.StaticJSON@4b5d6a01]" started-at="2025-06-08T01:17:26 IST" name="staticJSONTest" finished-at="2025-06-08T01:17:27 IST" duration-ms="769" status="PASS">
          <reporter-output>
          </reporter-output>
        </test-method> <!-- staticJSONTest -->
      </class> <!-- advanceDynamicPayload.StaticJSON -->
    </test> <!-- Default test -->
  </suite> <!-- Default suite -->
</testng-results>
