<?xml version="1.0" encoding="UTF-8"?>
<testng-results ignored="0" total="2" passed="2" failed="0" skipped="0">
  <reporter-output>
  </reporter-output>
  <suite started-at="2025-06-08T20:29:35 IST" name="Default suite" finished-at="2025-06-08T20:29:36 IST" duration-ms="971">
    <groups>
    </groups>
    <test started-at="2025-06-08T20:29:35 IST" name="Default test" finished-at="2025-06-08T20:29:36 IST" duration-ms="971">
      <class name="oAuth.OAuthTest">
        <test-method signature="getToken()[pri:0, instance:oAuth.OAuthTest@3c419631]" started-at="2025-06-08T20:29:35 IST" name="getToken" finished-at="2025-06-08T20:29:36 IST" duration-ms="908" status="PASS">
          <reporter-output>
          </reporter-output>
        </test-method> <!-- getToken -->
        <test-method signature="getCourseDetails()[pri:0, instance:oAuth.OAuthTest@3c419631]" started-at="2025-06-08T20:29:36 IST" name="getCourseDetails" finished-at="2025-06-08T20:29:36 IST" depends-on-methods="oAuth.OAuthTest.getToken" duration-ms="46" status="PASS">
          <reporter-output>
          </reporter-output>
        </test-method> <!-- getCourseDetails -->
      </class> <!-- oAuth.OAuthTest -->
    </test> <!-- Default test -->
  </suite> <!-- Default suite -->
</testng-results>
